root@fanpf-ubuntu:~/fastscanner# ./fastscanner  -d
time="4970-00-00 00:00:00" level=info msg="NewWorkerWrapper  before w.Run , ClosedChan: 0xc0000802a0  reqChan: 0xc000080180"
time="4970-00-00 00:00:00" level=info msg="worker.NewWorkerWrapper: &{0x1036ab0 0xc000080180 0xc0000801e0 0xc000080240 0xc0000802a0}"
time="4970-00-00 00:00:00" level=info msg="scanWorker BlockUntilReady, WorkerWrappe reqChan: 0xc000080180"
time="4970-00-00 00:00:00" level=info msg="w.Worker.BlockUntilRead done! Next will block with select... w.ReqChan: 0xc000080180"
time="4970-00-00 00:00:00" level=info msg="here should ready done"
time="4970-00-00 00:00:00" level=info msg="====Write to w.ReqChan:0xc000080180"
time="4970-00-00 00:00:00" level=info msg="====write to jobChan ..."
time="4970-00-00 00:00:00" level=info msg="==== Run Read success: w.ReqChan <- WorkRequest: JobChan"
time="4970-00-00 00:00:00" level=info msg="Run jobChan read payload: hello world"
time="4970-00-00 00:00:00" level=info msg="====scanWorker Process:payload:hello world"
time="4970-00-00 00:00:00" level=info msg="====read from retChan"
time="4970-00-00 00:00:00" level=info msg="====Write to w.ReqChan done:0xc000080180"
time="4970-00-00 00:00:00" level=info msg="Run retChan <- result"
time="4970-00-00 00:00:00" level=info msg="scanWorker BlockUntilReady, WorkerWrappe reqChan: 0xc000080180"
time="4970-00-00 00:00:00" level=info msg="w.Worker.BlockUntilRead done! Next will block with select... w.ReqChan: 0xc000080180"
time="4970-00-00 00:00:00" level=info msg=wWraper.Stop...
time="4970-00-00 00:00:00" level=info msg="Stop w.CloseChan:0xc000080240"
time="4970-00-00 00:00:00" level=info msg="wWraper.Stop done!"
time="4970-00-00 00:00:00" level=info msg="recv <- w.CloseChan: 0xc0000802a0"
time="4970-00-00 00:00:00" level=info msg="scanWorker Terminate"
time="4970-00-00 00:00:00" level=info msg="defer close(retChan):0xc000080660"
time="4970-00-00 00:00:00" level=info msg="Stop -> CloseChan -> defer close(w.ClosedChan):0xc0000802a0"
